<?xml version="1.0" encoding="UTF-8"?>
<!-- Generated by org.testng.reporters.JUnitReportReporter -->
<testsuite hostname="Husain" failures="0" tests="1" name="com.ActualTest.SouthWestAirlines_DatePicker_Good" time="2.841" errors="0" timestamp="2023-11-07T07:53:08 EST" skipped="0">
  <testcase classname="com.ActualTest.SouthWestAirlines_DatePicker_Good" name="dummyTest" time="2.841"/>
</testsuite> <!-- com.ActualTest.SouthWestAirlines_DatePicker_Good -->
