<?xml version="1.0" encoding="UTF-8"?>
<!-- Generated by org.testng.reporters.JUnitReportReporter -->
<testsuite hostname="Husain" failures="0" tests="1" name="com.ActualTest.Selenium_CheckBox" time="4.310" errors="0" timestamp="2023-11-06T19:29:36 EST" skipped="0">
  <testcase classname="com.ActualTest.Selenium_CheckBox" name="tableDemoTest" time="4.310"/>
</testsuite> <!-- com.ActualTest.Selenium_CheckBox -->
