<?xml version="1.0" encoding="UTF-8"?>
<!-- Generated by org.testng.reporters.JUnitReportReporter -->
<testsuite hostname="Husain" failures="0" tests="1" name="com.ActualTest.Selenium_CustomerDelete_Test" time="0.092" errors="0" timestamp="2023-11-07T07:53:08 EST" skipped="0">
  <testcase classname="com.ActualTest.Selenium_CustomerDelete_Test" name="customerDeletTest" time="0.092"/>
</testsuite> <!-- com.ActualTest.Selenium_CustomerDelete_Test -->
