<?xml version="1.0" encoding="UTF-8"?>
<!-- Generated by org.testng.reporters.JUnitReportReporter -->
<testsuite hostname="Husain" failures="0" tests="1" name="com.ActualTest.Datepicker" time="4.130" errors="0" timestamp="2023-11-06T00:52:41 EST" skipped="0">
  <testcase classname="com.ActualTest.Datepicker" name="datePick" time="4.130"/>
</testsuite> <!-- com.ActualTest.Datepicker -->
