<?xml version="1.0" encoding="UTF-8"?>
<!-- Generated by org.testng.reporters.JUnitReportReporter -->
<testsuite hostname="Husain" failures="0" tests="1" name="com.ActualTest.Expedia_DatePicker_Test_NoK" time="4.361" errors="0" timestamp="2023-11-06T00:56:11 EST" skipped="0">
  <testcase classname="com.ActualTest.Expedia_DatePicker_Test_NoK" name="expediaDateTest" time="4.361"/>
</testsuite> <!-- com.ActualTest.Expedia_DatePicker_Test_NoK -->
