<?xml version="1.0" encoding="UTF-8"?>
<!-- Generated by org.testng.reporters.JUnitReportReporter -->
<testsuite hostname="Husain" failures="0" tests="1" name="com.ActualTest.Ex_DatPicker_good" time="1.932" errors="0" timestamp="2023-11-07T07:53:08 EST" skipped="0">
  <testcase classname="com.ActualTest.Ex_DatPicker_good" name="expediaDateTest" time="1.932"/>
</testsuite> <!-- com.ActualTest.Ex_DatPicker_good -->
