<?xml version="1.0" encoding="UTF-8"?>
<!-- Generated by org.testng.reporters.JUnitReportReporter -->
<testsuite hostname="Husain" failures="0" tests="1" name="com.ActualTest.HandleWebTable" time="6.536" errors="0" timestamp="2023-11-06T19:25:48 EST" skipped="0">
  <testcase classname="com.ActualTest.HandleWebTable" name="WebTableTest" time="6.536"/>
</testsuite> <!-- com.ActualTest.HandleWebTable -->
