<?xml version="1.0" encoding="UTF-8"?>
<!-- Generated by org.testng.reporters.JUnitReportReporter -->
<testsuite hostname="Husain" failures="0" tests="1" name="com.ActualTest.WindowHandles" time="10.760" errors="0" timestamp="2023-11-07T07:53:08 EST" skipped="0">
  <testcase classname="com.ActualTest.WindowHandles" name="datePicker" time="10.760"/>
</testsuite> <!-- com.ActualTest.WindowHandles -->
