<?xml version="1.0" encoding="UTF-8"?>
<!-- Generated by org.testng.reporters.JUnitReportReporter -->
<testsuite hostname="Husain" failures="0" tests="1" name="com.nopcommerce_Test.NopCommerce__Window2__Demo__Test" time="75.176" errors="0" timestamp="2023-11-07T07:53:08 EST" skipped="0">
  <testcase classname="com.nopcommerce_Test.NopCommerce__Window2__Demo__Test" name="window2DemoTest" time="75.176"/>
</testsuite> <!-- com.nopcommerce_Test.NopCommerce__Window2__Demo__Test -->
