<?xml version="1.0" encoding="UTF-8"?>
<!-- Generated by org.testng.reporters.JUnitReportReporter -->
<testsuite hostname="Husain" failures="0" tests="1" name="com.ActualTest.Ex_DatPicker" time="1.724" errors="0" timestamp="2023-11-06T19:20:25 EST" skipped="0">
  <testcase classname="com.ActualTest.Ex_DatPicker" name="expediaDateTest" time="1.724"/>
</testsuite> <!-- com.ActualTest.Ex_DatPicker -->
