<?xml version="1.0" encoding="UTF-8"?>
<!-- Generated by org.testng.reporters.JUnitReportReporter -->
<testsuite hostname="Husain" failures="0" tests="1" name="com.ActualTest.TC_CustomizedTest_Good" time="3.637" errors="0" timestamp="2023-11-07T07:53:08 EST" skipped="0">
  <testcase classname="com.ActualTest.TC_CustomizedTest_Good" name="customizedTest" time="3.637"/>
</testsuite> <!-- com.ActualTest.TC_CustomizedTest_Good -->
