<?xml version="1.0" encoding="UTF-8"?>
<!-- Generated by org.testng.reporters.JUnitReportReporter -->
<testsuite hostname="Husain" failures="0" tests="1" name="com.ActualTest.TC_FlightTest_001" time="6.105" errors="0" timestamp="2023-11-07T07:53:08 EST" skipped="0">
  <testcase classname="com.ActualTest.TC_FlightTest_001" name="flightTest" time="6.105"/>
</testsuite> <!-- com.ActualTest.TC_FlightTest_001 -->
