<?xml version="1.0" encoding="UTF-8"?>
<!-- Generated by org.testng.reporters.JUnitReportReporter -->
<testsuite hostname="Husain" failures="0" tests="1" name="com.ActualTest.TC_CustomizedTest_001" time="3.592" errors="0" timestamp="2023-11-06T19:41:39 EST" skipped="0">
  <testcase classname="com.ActualTest.TC_CustomizedTest_001" name="customizedTest" time="3.592"/>
</testsuite> <!-- com.ActualTest.TC_CustomizedTest_001 -->
