<?xml version="1.0" encoding="UTF-8"?>
<!-- Generated by org.testng.reporters.JUnitReportReporter -->
<testsuite hostname="Husain" failures="0" tests="1" name="com.ActualTest.TC_SelectMenu_DropDown_withoutSelect" time="2.525" errors="0" timestamp="2023-11-06T19:44:26 EST" skipped="0">
  <testcase classname="com.ActualTest.TC_SelectMenu_DropDown_withoutSelect" name="dropDownWithoutSelect" time="2.525"/>
</testsuite> <!-- com.ActualTest.TC_SelectMenu_DropDown_withoutSelect -->
