<?xml version="1.0" encoding="UTF-8"?>
<!-- Generated by org.testng.reporters.JUnitReportReporter -->
<testsuite hostname="Husain" failures="0" tests="1" name="com.ActualTest.HandleCheckBox" time="0.456" errors="0" timestamp="2023-10-29T20:32:55 EDT" skipped="0">
  <testcase classname="com.ActualTest.HandleCheckBox" name="chekBoxTest" time="0.456"/>
</testsuite> <!-- com.ActualTest.HandleCheckBox -->
