<?xml version="1.0" encoding="UTF-8"?>
<!-- Generated by org.testng.reporters.JUnitReportReporter -->
<testsuite hostname="Husain" failures="0" tests="1" name="com.ActualTest.TC_SelectMenu_DropDown_withoutSelect_Good" time="4.084" errors="0" timestamp="2023-11-07T07:53:08 EST" skipped="0">
  <testcase classname="com.ActualTest.TC_SelectMenu_DropDown_withoutSelect_Good" name="dropDownWithoutSelect" time="4.084"/>
</testsuite> <!-- com.ActualTest.TC_SelectMenu_DropDown_withoutSelect_Good -->
