<?xml version="1.0" encoding="UTF-8"?>
<!-- Generated by org.testng.reporters.JUnitReportReporter -->
<testsuite hostname="Husain" failures="0" tests="1" name="com.ActualTest.Expedia_DatePicker_Test" time="10.216" errors="0" timestamp="2023-11-04T10:33:31 EDT" skipped="0">
  <testcase classname="com.ActualTest.Expedia_DatePicker_Test" name="expediaDateTest" time="10.216"/>
</testsuite> <!-- com.ActualTest.Expedia_DatePicker_Test -->
