<?xml version="1.0" encoding="UTF-8"?>
<!-- Generated by org.testng.reporters.JUnitReportReporter -->
<testsuite hostname="Husain" failures="0" tests="1" name="com.ActualTest.DatePicker_EmerateAirLinese" time="2.754" errors="0" timestamp="2023-11-02T02:12:10 EDT" skipped="0">
  <testcase classname="com.ActualTest.DatePicker_EmerateAirLinese" name="pickDate" time="2.754"/>
</testsuite> <!-- com.ActualTest.DatePicker_EmerateAirLinese -->
