<?xml version="1.0" encoding="UTF-8"?>
<!-- Generated by org.testng.reporters.JUnitReportReporter -->
<testsuite hostname="Husain" failures="0" tests="1" name="com.nopcommerce_Test.NopCommerce_LoginTest" time="65.025" errors="0" timestamp="2023-11-07T07:53:08 EST" skipped="0">
  <testcase classname="com.nopcommerce_Test.NopCommerce_LoginTest" name="LoginTest" time="65.025"/>
</testsuite> <!-- com.nopcommerce_Test.NopCommerce_LoginTest -->
