<?xml version="1.0" encoding="UTF-8"?>
<!-- Generated by org.testng.reporters.JUnitReportReporter -->
<testsuite hostname="Husain" failures="0" tests="1" name="com.ActualTest.TC_LoginPageTest_001" time="3.373" errors="0" timestamp="2023-11-06T19:43:30 EST" skipped="0">
  <testcase classname="com.ActualTest.TC_LoginPageTest_001" name="loginTest" time="3.373"/>
</testsuite> <!-- com.ActualTest.TC_LoginPageTest_001 -->
