<?xml version="1.0" encoding="UTF-8"?>
<!-- Generated by org.testng.reporters.JUnitReportReporter -->
<testsuite hostname="Husain" failures="0" tests="1" name="com.ActualTest.TC_CustomizedTest_001" time="1.931" errors="0" timestamp="2023-10-08T23:17:50 EDT" skipped="0">
  <testcase classname="com.ActualTest.TC_CustomizedTest_001" name="customizedTest" time="1.931"/>
</testsuite> <!-- com.ActualTest.TC_CustomizedTest_001 -->
