<?xml version="1.0" encoding="UTF-8"?>
<!-- Generated by org.testng.reporters.JUnitReportReporter -->
<testsuite hostname="Husain" failures="0" tests="1" name="com.ActualTest.Booking_DatePicker" time="1.182" errors="0" timestamp="2023-11-06T08:47:24 EST" skipped="0">
  <testcase classname="com.ActualTest.Booking_DatePicker" name="dummyTest" time="1.182"/>
</testsuite> <!-- com.ActualTest.Booking_DatePicker -->
