<?xml version="1.0" encoding="UTF-8"?>
<!-- Generated by org.testng.reporters.JUnitReportReporter -->
<testsuite hostname="Husain" failures="0" tests="1" name="com.ActualTest.DropDown_withoutSelect_twoPlug" time="0.294" errors="0" timestamp="2023-11-07T07:53:08 EST" skipped="0">
  <testcase classname="com.ActualTest.DropDown_withoutSelect_twoPlug" name="dropDownTest" time="0.294"/>
</testsuite> <!-- com.ActualTest.DropDown_withoutSelect_twoPlug -->
