<?xml version="1.0" encoding="UTF-8"?>
<!-- Generated by org.testng.reporters.JUnitReportReporter -->
<testsuite hostname="Husain" failures="0" tests="1" name="com.ActualTest.HomeDepot" time="3.371" errors="0" timestamp="2023-10-29T09:35:50 EDT" skipped="0">
  <testcase classname="com.ActualTest.HomeDepot" name="chekBoxTest" time="3.371"/>
</testsuite> <!-- com.ActualTest.HomeDepot -->
