<?xml version="1.0" encoding="UTF-8"?>
<!-- Generated by org.testng.reporters.JUnitReportReporter -->
<testsuite hostname="Husain" failures="0" tests="1" name="com.ActualTest.DatePicker_Automation_Good" time="2.077" errors="0" timestamp="2023-11-07T07:53:08 EST" skipped="0">
  <testcase classname="com.ActualTest.DatePicker_Automation_Good" name="pickDate" time="2.077"/>
</testsuite> <!-- com.ActualTest.DatePicker_Automation_Good -->
