<?xml version="1.0" encoding="UTF-8"?>
<!-- Generated by org.testng.reporters.JUnitReportReporter -->
<testsuite hostname="Husain" failures="0" tests="1" name="com.ActualTest.Expedia" time="9.517" errors="0" timestamp="2023-11-04T08:39:51 EDT" skipped="0">
  <testcase classname="com.ActualTest.Expedia" name="expediaDateTest" time="9.517"/>
</testsuite> <!-- com.ActualTest.Expedia -->
