<?xml version="1.0" encoding="UTF-8"?>
<!-- Generated by org.testng.reporters.JUnitReportReporter -->
<testsuite hostname="Husain" failures="0" tests="1" name="com.ActualTest.Selenium_tableDemo" time="3.611" errors="0" timestamp="2023-11-03T12:06:42 EDT" skipped="0">
  <testcase classname="com.ActualTest.Selenium_tableDemo" name="tableDemoTest" time="3.611"/>
</testsuite> <!-- com.ActualTest.Selenium_tableDemo -->
