<?xml version="1.0" encoding="UTF-8"?>
<!-- Generated by org.testng.reporters.JUnitReportReporter -->
<testsuite hostname="Husain" failures="0" tests="1" name="com.nopcommerce_Test.NopCommerce_LoginTest" time="5.796" errors="0" timestamp="2023-11-05T20:49:04 EST" skipped="0">
  <testcase classname="com.nopcommerce_Test.NopCommerce_LoginTest" name="LoginTest" time="5.796"/>
</testsuite> <!-- com.nopcommerce_Test.NopCommerce_LoginTest -->
