<?xml version="1.0" encoding="UTF-8"?>
<!-- Generated by org.testng.reporters.JUnitReportReporter -->
<testsuite hostname="Husain" failures="0" tests="1" name="com.nopcommerce_Test.NopCommerce__Window2__Demo__Test" time="6.707" errors="0" timestamp="2023-11-05T20:49:04 EST" skipped="0">
  <testcase classname="com.nopcommerce_Test.NopCommerce__Window2__Demo__Test" name="window2DemoTest" time="6.707"/>
</testsuite> <!-- com.nopcommerce_Test.NopCommerce__Window2__Demo__Test -->
