<?xml version="1.0" encoding="UTF-8"?>
<!-- Generated by org.testng.reporters.JUnitReportReporter -->
<testsuite hostname="Husain" failures="0" tests="1" name="com.ActualTest.TC_LoginPageTest_001" time="2.566" errors="0" timestamp="2023-10-08T23:22:01 EDT" skipped="0">
  <testcase classname="com.ActualTest.TC_LoginPageTest_001" name="loginTest" time="2.566"/>
</testsuite> <!-- com.ActualTest.TC_LoginPageTest_001 -->
