<?xml version="1.0" encoding="UTF-8"?>
<!-- Generated by org.testng.reporters.JUnitReportReporter -->
<testsuite hostname="Husain" failures="0" tests="1" name="com.nopcommerce_Test.Ptomotion_Affiliate_Test" time="16.399" errors="0" timestamp="2023-11-05T20:49:04 EST" skipped="0">
  <testcase classname="com.nopcommerce_Test.Ptomotion_Affiliate_Test" name="affiliateTest" time="16.399"/>
</testsuite> <!-- com.nopcommerce_Test.Ptomotion_Affiliate_Test -->
