<?xml version="1.0" encoding="UTF-8"?>
<!-- Generated by org.testng.reporters.JUnitReportReporter -->
<testsuite hostname="Husain" failures="0" tests="1" name="com.nopcommerce_Test.Promotion_Campaign_Test" time="4.307" errors="0" timestamp="2023-11-05T20:49:04 EST" skipped="0">
  <testcase classname="com.nopcommerce_Test.Promotion_Campaign_Test" name="campaignTest" time="4.307"/>
</testsuite> <!-- com.nopcommerce_Test.Promotion_Campaign_Test -->
